<?xml version="1.0" encoding="UTF-8"?>
<!-- Generated by org.testng.reporters.JUnitXMLReporter -->
<testsuite ignored="0" hostname="DESKTOP-QE1AM1B" failures="0" tests="11" name="Default test" time="41.304" errors="0" timestamp="2026-07-14T15:34:48 PKT">
  <testcase classname="tests.LoginTest" name="verifyEmptyCredentials" time="0.874"/>
  <testcase classname="tests.LoginTest" name="verifyInvalidLogin" time="0.672"/>
  <testcase classname="tests.LoginTest" name="verifyInvalidPassword" time="0.856"/>
  <testcase classname="tests.LoginTest" name="verifyInvalidUsername" time="0.838"/>
  <testcase classname="tests.LoginTest" name="verifyLockedUserLogin" time="0.68"/>
  <testcase classname="tests.LoginTest" name="verifyMaxLengthUsername" time="0.765"/>
  <testcase classname="tests.LoginTest" name="verifyMultipleFailedAttempts" time="2.368"/>
  <testcase classname="tests.LoginTest" name="verifyPasswordIsMasked" time="0.063"/>
  <testcase classname="tests.LoginTest" name="verifyPasswordWithSpaces" time="0.623"/>
  <testcase classname="tests.LoginTest" name="verifyUsernameTrimming" time="0.647"/>
  <testcase classname="tests.LoginTest" name="verifyValidLogin" time="0.673"/>
</testsuite> <!-- Default test -->
