<?xml version="1.0" encoding="UTF-8"?>
<!-- Generated by org.testng.reporters.JUnitXMLReporter -->
<testsuite ignored="0" hostname="DESKTOP-QE1AM1B" failures="0" tests="11" name="Login Functional Tests" time="38.709" errors="0" timestamp="2026-07-14T15:33:42 PKT">
  <testcase classname="tests.LoginTest" name="verifyEmptyCredentials" time="0.935"/>
  <testcase classname="tests.LoginTest" name="verifyInvalidLogin" time="0.616"/>
  <testcase classname="tests.LoginTest" name="verifyInvalidPassword" time="0.66"/>
  <testcase classname="tests.LoginTest" name="verifyInvalidUsername" time="0.626"/>
  <testcase classname="tests.LoginTest" name="verifyLockedUserLogin" time="0.673"/>
  <testcase classname="tests.LoginTest" name="verifyMaxLengthUsername" time="0.674"/>
  <testcase classname="tests.LoginTest" name="verifyMultipleFailedAttempts" time="1.959"/>
  <testcase classname="tests.LoginTest" name="verifyPasswordIsMasked" time="0.052"/>
  <testcase classname="tests.LoginTest" name="verifyPasswordWithSpaces" time="0.697"/>
  <testcase classname="tests.LoginTest" name="verifyUsernameTrimming" time="0.69"/>
  <testcase classname="tests.LoginTest" name="verifyValidLogin" time="0.764"/>
</testsuite> <!-- Login Functional Tests -->
