<?xml version="1.0" encoding="UTF-8"?>
<!-- Generated by org.testng.reporters.JUnitReportReporter -->
<testsuite hostname="DESKTOP-QE1AM1B" failures="0" tests="11" name="tests.LoginTest" time="41.143" errors="0" timestamp="2026-07-14T15:34:48 PKT" skipped="0">
  <testcase classname="tests.LoginTest" name="verifyInvalidLogin" time="3.415"/>
  <testcase classname="tests.LoginTest" name="verifyInvalidPassword" time="3.179"/>
  <testcase classname="tests.LoginTest" name="verifyMultipleFailedAttempts" time="4.713"/>
  <testcase classname="tests.LoginTest" name="verifyEmptyCredentials" time="6.564"/>
  <testcase classname="tests.LoginTest" name="verifyInvalidUsername" time="3.489"/>
  <testcase classname="tests.LoginTest" name="verifyUsernameTrimming" time="3.113"/>
  <testcase classname="tests.LoginTest" name="verifyMaxLengthUsername" time="3.585"/>
  <testcase classname="tests.LoginTest" name="verifyLockedUserLogin" time="3.140"/>
  <testcase classname="tests.LoginTest" name="verifyPasswordIsMasked" time="4.062"/>
  <testcase classname="tests.LoginTest" name="verifyPasswordWithSpaces" time="2.895"/>
  <testcase classname="tests.LoginTest" name="verifyValidLogin" time="2.988"/>
</testsuite> <!-- tests.LoginTest -->
